2020-10-21 13:53:12 - Starting SpringDemoApplication on DESKTOP-L2LL2M1 with PID 8776 (C:\Users\samve\IdeaProjects\spring-demo\target\classes started by samve in C:\Users\samve\IdeaProjects\spring-demo)
2020-10-21 13:53:12 - No active profile set, falling back to default profiles: default
2020-10-21 13:53:12 - Devtools property defaults active! Set 'spring.devtools.add-properties' to 'false' to disable
2020-10-21 13:53:12 - For additional web related logging consider setting the 'logging.level.web' property to 'DEBUG'
2020-10-21 13:53:13 - Bootstrapping Spring Data JPA repositories in DEFERRED mode.
2020-10-21 13:53:13 - Finished Spring Data repository scanning in 174ms. Found 2 JPA repository interfaces.
2020-10-21 13:53:15 - Tomcat initialized with port(s): 8081 (http)
2020-10-21 13:53:15 - Starting service [Tomcat]
2020-10-21 13:53:15 - Starting Servlet engine: [Apache Tomcat/9.0.38]
2020-10-21 13:53:15 - Initializing Spring embedded WebApplicationContext
2020-10-21 13:53:15 - Root WebApplicationContext: initialization completed in 2645 ms
2020-10-21 13:53:15 - Initializing ExecutorService 'applicationTaskExecutor'
2020-10-21 13:53:15 - HHH000204: Processing PersistenceUnitInfo [name: default]
2020-10-21 13:53:15 - spring.jpa.open-in-view is enabled by default. Therefore, database queries may be performed during view rendering. Explicitly configure spring.jpa.open-in-view to disable this warning
2020-10-21 13:53:15 - HHH000412: Hibernate ORM core version 5.4.21.Final
2020-10-21 13:53:15 - [THYMELEAF][restartedMain] Template Mode 'HTML5' is deprecated. Using Template Mode 'HTML' instead.
2020-10-21 13:53:15 - HCANN000001: Hibernate Commons Annotations {5.1.0.Final}
2020-10-21 13:53:16 - HikariPool-1 - Starting...
2020-10-21 13:53:16 - Creating filter chain: any request, [org.springframework.security.web.context.request.async.WebAsyncManagerIntegrationFilter@74d4e99e, org.springframework.security.web.context.SecurityContextPersistenceFilter@83e34e5, org.springframework.security.web.header.HeaderWriterFilter@67fd96b2, org.springframework.security.web.authentication.logout.LogoutFilter@6c329742, org.springframework.security.web.authentication.UsernamePasswordAuthenticationFilter@6beb1217, org.springframework.security.web.savedrequest.RequestCacheAwareFilter@515d0b86, org.springframework.security.web.servletapi.SecurityContextHolderAwareRequestFilter@39d6f271, org.springframework.security.web.authentication.AnonymousAuthenticationFilter@6aaea96c, org.springframework.security.web.session.SessionManagementFilter@64c8cb4a, org.springframework.security.web.access.ExceptionTranslationFilter@1c8620a7, org.springframework.security.web.access.intercept.FilterSecurityInterceptor@4494ab07]
2020-10-21 13:53:16 - HikariPool-1 - Start completed.
2020-10-21 13:53:16 - HHH000400: Using dialect: org.hibernate.dialect.MySQLDialect
2020-10-21 13:53:16 - LiveReload server is running on port 35729
2020-10-21 13:53:16 - Tomcat started on port(s): 8081 (http) with context path ''
2020-10-21 13:53:16 - Triggering deferred initialization of Spring Data repositories…
2020-10-21 13:53:18 - HHH000490: Using JtaPlatform implementation: [org.hibernate.engine.transaction.jta.platform.internal.NoJtaPlatform]
2020-10-21 13:53:18 - Initialized JPA EntityManagerFactory for persistence unit 'default'
2020-10-21 13:53:18 - Spring Data repositories initialized!
2020-10-21 13:53:18 - Started SpringDemoApplication in 6.504 seconds (JVM running for 8.478)
